c:\users\id student\desktop\william z\game\game\debug\vc141.pdb
c:\users\id student\desktop\william z\game\game\debug\vc141.idb
c:\users\id student\desktop\william z\game\game\debug\player.obj
c:\users\id student\desktop\william z\game\game\debug\entity.obj
c:\users\id student\desktop\william z\game\game\debug\ball.obj
c:\users\id student\desktop\william z\game\game\debug\game.pch
c:\users\id student\desktop\william z\game\game\debug\stdafx.obj
c:\users\id student\desktop\william z\game\game\debug\paddle.obj
c:\users\id student\desktop\william z\game\game\debug\main.obj
c:\users\id student\desktop\william z\game\game\debug\settings.obj
c:\users\id student\desktop\william z\game\game\debug\keybind.obj
c:\users\id student\desktop\william z\game\game\debug\display.obj
c:\users\id student\desktop\william z\game\game\debug\game.obj
c:\users\id student\desktop\william z\game\game\debug\movementcontroller.obj
c:\users\id student\desktop\william z\game\game\debug\world.obj
c:\users\id student\desktop\william z\game\game\debug\aabb.obj
c:\users\id student\desktop\william z\game\game\debug\vec2f.obj
c:\users\id student\desktop\william z\game\game\debug\texture.obj
c:\users\id student\desktop\william z\game\game\debug\texturemanager.obj
c:\users\id student\desktop\william z\game\game\debug\gui.obj
c:\users\id student\desktop\william z\game\game\debug\guimainmenu.obj
c:\users\id student\desktop\william z\game\game\debug\camera.obj
c:\users\id student\desktop\william z\game\debug\game.pdb
c:\users\id student\desktop\william z\game\game\debug\game.tlog\cl.command.1.tlog
c:\users\id student\desktop\william z\game\game\debug\game.tlog\cl.read.1.tlog
c:\users\id student\desktop\william z\game\game\debug\game.tlog\cl.write.1.tlog
c:\users\id student\desktop\william z\game\game\debug\game.tlog\link-cvtres.read.1.tlog
c:\users\id student\desktop\william z\game\game\debug\game.tlog\link-cvtres.write.1.tlog
c:\users\id student\desktop\william z\game\game\debug\game.tlog\link-rc.read.1.tlog
c:\users\id student\desktop\william z\game\game\debug\game.tlog\link-rc.write.1.tlog
c:\users\id student\desktop\william z\game\game\debug\game.tlog\link.39980-cvtres.read.1.tlog
c:\users\id student\desktop\william z\game\game\debug\game.tlog\link.39980-cvtres.write.1.tlog
c:\users\id student\desktop\william z\game\game\debug\game.tlog\link.39980-rc.read.1.tlog
c:\users\id student\desktop\william z\game\game\debug\game.tlog\link.39980-rc.write.1.tlog
c:\users\id student\desktop\william z\game\game\debug\game.tlog\link.39980.read.1.tlog
c:\users\id student\desktop\william z\game\game\debug\game.tlog\link.39980.write.1.tlog
c:\users\id student\desktop\william z\game\game\debug\game.tlog\link.command.1.tlog
c:\users\id student\desktop\william z\game\game\debug\game.tlog\link.read.1.tlog
c:\users\id student\desktop\william z\game\game\debug\game.tlog\link.write.1.tlog
c:\users\id student\desktop\william z\game\game\debug\game.tlog\rc.command.1.tlog
c:\users\id student\desktop\william z\game\game\debug\game.tlog\rc.read.1.tlog
c:\users\id student\desktop\william z\game\game\debug\game.tlog\rc.write.1.tlog
